0 info it worked if it ends with ok
1 verbose cli [ '/usr/local/bin/node',
1 verbose cli   '/usr/local/bin/npm',
1 verbose cli   'install',
1 verbose cli   '--global',
1 verbose cli   'gulp' ]
2 info using npm@2.15.8
3 info using node@v4.4.7
4 verbose install initial load of /usr/local/lib/package.json
5 verbose readDependencies loading dependencies from /usr/local/lib/package.json
6 silly cache add args [ 'gulp', null ]
7 verbose cache add spec gulp
8 silly cache add parsed spec Result {
8 silly cache add   raw: 'gulp',
8 silly cache add   scope: null,
8 silly cache add   name: 'gulp',
8 silly cache add   rawSpec: '',
8 silly cache add   spec: 'latest',
8 silly cache add   type: 'tag' }
9 silly addNamed gulp@latest
10 verbose addNamed "latest" is being treated as a dist-tag for gulp
11 info addNameTag [ 'gulp', 'latest' ]
12 silly mapToRegistry name gulp
13 silly mapToRegistry using default registry
14 silly mapToRegistry registry https://registry.npmjs.org/
15 silly mapToRegistry data Result {
15 silly mapToRegistry   raw: 'gulp',
15 silly mapToRegistry   scope: null,
15 silly mapToRegistry   name: 'gulp',
15 silly mapToRegistry   rawSpec: '',
15 silly mapToRegistry   spec: 'latest',
15 silly mapToRegistry   type: 'tag' }
16 silly mapToRegistry uri https://registry.npmjs.org/gulp
17 verbose addNameTag registry:https://registry.npmjs.org/gulp not in flight; fetching
18 verbose request uri https://registry.npmjs.org/gulp
19 verbose request no auth needed
20 info attempt registry request try #1 at 2:17:48 PM
21 verbose request id ddb712e2e54be202
22 verbose etag "9PBNUOUEPM7C7MRLB9FX3DO73"
23 http request GET https://registry.npmjs.org/gulp
24 http 200 https://registry.npmjs.org/gulp
25 verbose headers { server: 'CouchDB/1.5.0 (Erlang OTP/R16B03)',
25 verbose headers   etag: '"2GN83N28WYDWDRBEH77CCXHIZ"',
25 verbose headers   'content-type': 'application/json',
25 verbose headers   'content-encoding': 'gzip',
25 verbose headers   'cache-control': 'max-age=300',
25 verbose headers   'content-length': '18582',
25 verbose headers   'accept-ranges': 'bytes',
25 verbose headers   date: 'Wed, 20 Jul 2016 21:17:48 GMT',
25 verbose headers   via: '1.1 varnish',
25 verbose headers   age: '50',
25 verbose headers   connection: 'keep-alive',
25 verbose headers   'x-served-by': 'cache-sjc3626-SJC',
25 verbose headers   'x-cache': 'HIT',
25 verbose headers   'x-cache-hits': '2',
25 verbose headers   'x-timer': 'S1469049468.552379,VS0,VE0',
25 verbose headers   vary: 'Accept-Encoding' }
26 silly get cb [ 200,
26 silly get   { server: 'CouchDB/1.5.0 (Erlang OTP/R16B03)',
26 silly get     etag: '"2GN83N28WYDWDRBEH77CCXHIZ"',
26 silly get     'content-type': 'application/json',
26 silly get     'content-encoding': 'gzip',
26 silly get     'cache-control': 'max-age=300',
26 silly get     'content-length': '18582',
26 silly get     'accept-ranges': 'bytes',
26 silly get     date: 'Wed, 20 Jul 2016 21:17:48 GMT',
26 silly get     via: '1.1 varnish',
26 silly get     age: '50',
26 silly get     connection: 'keep-alive',
26 silly get     'x-served-by': 'cache-sjc3626-SJC',
26 silly get     'x-cache': 'HIT',
26 silly get     'x-cache-hits': '2',
26 silly get     'x-timer': 'S1469049468.552379,VS0,VE0',
26 silly get     vary: 'Accept-Encoding' } ]
27 verbose get saving gulp to /Users/nagars/.npm/registry.npmjs.org/gulp/.cache.json
28 verbose correctMkdir /Users/nagars/.npm correctMkdir not in flight; initializing
29 silly addNameTag next cb for gulp with tag latest
30 silly addNamed gulp@3.9.1
31 verbose addNamed "3.9.1" is a plain semver version for gulp
32 silly mapToRegistry name gulp
33 silly mapToRegistry using default registry
34 silly mapToRegistry registry https://registry.npmjs.org/
35 silly mapToRegistry data Result {
35 silly mapToRegistry   raw: 'gulp',
35 silly mapToRegistry   scope: null,
35 silly mapToRegistry   name: 'gulp',
35 silly mapToRegistry   rawSpec: '',
35 silly mapToRegistry   spec: 'latest',
35 silly mapToRegistry   type: 'tag' }
36 silly mapToRegistry uri https://registry.npmjs.org/gulp
37 verbose addRemoteTarball https://registry.npmjs.org/gulp/-/gulp-3.9.1.tgz not in flight; adding
38 verbose addRemoteTarball [ 'https://registry.npmjs.org/gulp/-/gulp-3.9.1.tgz',
38 verbose addRemoteTarball   '571ce45928dd40af6514fc4011866016c13845b4' ]
39 info retry fetch attempt 1 at 2:17:48 PM
40 info attempt registry request try #1 at 2:17:48 PM
41 http fetch GET https://registry.npmjs.org/gulp/-/gulp-3.9.1.tgz
42 http fetch 200 https://registry.npmjs.org/gulp/-/gulp-3.9.1.tgz
43 silly fetchAndShaCheck shasum 571ce45928dd40af6514fc4011866016c13845b4
44 verbose addTmpTarball /var/folders/h8/zzg_y33n7hsdjp6k7vfs55c000_y5p/T/npm-52229-c580ea19/registry.npmjs.org/gulp/-/gulp-3.9.1.tgz not in flight; adding
45 verbose addTmpTarball already have metadata; skipping unpack for gulp@3.9.1
46 verbose correctMkdir /Users/nagars/.npm correctMkdir not in flight; initializing
47 silly cache afterAdd gulp@3.9.1
48 verbose afterAdd /Users/nagars/.npm/gulp/3.9.1/package/package.json not in flight; writing
49 verbose correctMkdir /Users/nagars/.npm correctMkdir not in flight; initializing
50 verbose afterAdd /Users/nagars/.npm/gulp/3.9.1/package/package.json written
51 silly install resolved [ { name: 'gulp',
51 silly install resolved     description: 'The streaming build system',
51 silly install resolved     version: '3.9.1',
51 silly install resolved     homepage: 'http://gulpjs.com',
51 silly install resolved     repository: { type: 'git', url: 'git+https://github.com/gulpjs/gulp.git' },
51 silly install resolved     author:
51 silly install resolved      { name: 'Fractal',
51 silly install resolved        email: 'contact@wearefractal.com',
51 silly install resolved        url: 'http://wearefractal.com/' },
51 silly install resolved     tags: [ 'build', 'stream', 'system', 'make', 'tool', 'asset', 'pipeline' ],
51 silly install resolved     files: [ 'index.js', 'lib', 'bin', 'completion', 'gulp.1' ],
51 silly install resolved     bin: { gulp: './bin/gulp.js' },
51 silly install resolved     man: [ 'gulp.1' ],
51 silly install resolved     dependencies:
51 silly install resolved      { archy: '^1.0.0',
51 silly install resolved        chalk: '^1.0.0',
51 silly install resolved        deprecated: '^0.0.1',
51 silly install resolved        'gulp-util': '^3.0.0',
51 silly install resolved        interpret: '^1.0.0',
51 silly install resolved        liftoff: '^2.1.0',
51 silly install resolved        minimist: '^1.1.0',
51 silly install resolved        orchestrator: '^0.3.0',
51 silly install resolved        'pretty-hrtime': '^1.0.0',
51 silly install resolved        semver: '^4.1.0',
51 silly install resolved        tildify: '^1.0.0',
51 silly install resolved        v8flags: '^2.0.2',
51 silly install resolved        'vinyl-fs': '^0.3.0' },
51 silly install resolved     devDependencies:
51 silly install resolved      { coveralls: '^2.7.0',
51 silly install resolved        eslint: '^1.7.3',
51 silly install resolved        'eslint-config-gulp': '^2.0.0',
51 silly install resolved        'graceful-fs': '^3.0.0',
51 silly install resolved        istanbul: '^0.3.0',
51 silly install resolved        jscs: '^2.3.5',
51 silly install resolved        'jscs-preset-gulp': '^1.0.0',
51 silly install resolved        'marked-man': '^0.1.3',
51 silly install resolved        mkdirp: '^0.5.0',
51 silly install resolved        mocha: '^2.0.1',
51 silly install resolved        'mocha-lcov-reporter': '^0.0.1',
51 silly install resolved        q: '^1.0.0',
51 silly install resolved        rimraf: '^2.2.5',
51 silly install resolved        should: '^5.0.1' },
51 silly install resolved     scripts:
51 silly install resolved      { prepublish: 'marked-man --name gulp docs/CLI.md > gulp.1',
51 silly install resolved        lint: 'eslint . && jscs *.js bin/ lib/ test/',
51 silly install resolved        pretest: 'npm run lint',
51 silly install resolved        test: 'mocha --reporter spec',
51 silly install resolved        coveralls: 'istanbul cover _mocha --report lcovonly -- -R spec && cat ./coverage/lcov.info | coveralls && rm -rf ./coverage' },
51 silly install resolved     engines: { node: '>= 0.9' },
51 silly install resolved     license: 'MIT',
51 silly install resolved     gitHead: '9c14e3a13a73a32e424f144d62566671b2fcdbed',
51 silly install resolved     bugs: { url: 'https://github.com/gulpjs/gulp/issues' },
51 silly install resolved     _id: 'gulp@3.9.1',
51 silly install resolved     _shasum: '571ce45928dd40af6514fc4011866016c13845b4',
51 silly install resolved     _from: 'gulp@latest',
51 silly install resolved     _npmVersion: '2.14.14',
51 silly install resolved     _nodeVersion: '0.10.41',
51 silly install resolved     _npmUser: { name: 'phated', email: 'blaine@iceddev.com' },
51 silly install resolved     maintainers: [ [Object], [Object] ],
51 silly install resolved     dist:
51 silly install resolved      { shasum: '571ce45928dd40af6514fc4011866016c13845b4',
51 silly install resolved        tarball: 'https://registry.npmjs.org/gulp/-/gulp-3.9.1.tgz' },
51 silly install resolved     _npmOperationalInternal:
51 silly install resolved      { host: 'packages-6-west.internal.npmjs.com',
51 silly install resolved        tmp: 'tmp/gulp-3.9.1.tgz_1454957415500_0.15343931876122952' },
51 silly install resolved     directories: {},
51 silly install resolved     _resolved: 'https://registry.npmjs.org/gulp/-/gulp-3.9.1.tgz' } ]
52 info install gulp@3.9.1 into /usr/local/lib
53 info installOne gulp@3.9.1
54 verbose installOne of gulp to /usr/local/lib not in flight; installing
55 verbose correctMkdir /Users/nagars/.npm/_locks correctMkdir not in flight; initializing
56 verbose lock using /Users/nagars/.npm/_locks/gulp-709d00e5d169ceb3.lock for /usr/local/lib/node_modules/gulp
57 silly install write writing gulp 3.9.1 to /usr/local/lib/node_modules/gulp
58 verbose unbuild lib/node_modules/gulp
59 silly gentlyRm /usr/local/lib/node_modules/gulp is being purged from base /usr/local
60 verbose gentlyRm don't care about contents; nuking /usr/local/lib/node_modules/gulp
61 verbose tar unpack /Users/nagars/.npm/gulp/3.9.1/package.tgz
62 verbose tar unpacking to /usr/local/lib/node_modules/gulp
63 silly gentlyRm /usr/local/lib/node_modules/gulp is being purged
64 verbose gentlyRm don't care about contents; nuking /usr/local/lib/node_modules/gulp
65 silly gunzTarPerm modes [ '755', '644' ]
66 error tar.unpack untar error /Users/nagars/.npm/gulp/3.9.1/package.tgz
67 verbose unlock done using /Users/nagars/.npm/_locks/gulp-709d00e5d169ceb3.lock for /usr/local/lib/node_modules/gulp
68 verbose fstream_path /usr/local/lib/node_modules/gulp
69 verbose fstream_type Directory
70 verbose fstream_class DirWriter
71 verbose stack Error: EACCES: permission denied, mkdir '/usr/local/lib/node_modules/gulp'
71 verbose stack     at Error (native)
72 verbose fstream_stack /usr/local/lib/node_modules/npm/node_modules/fstream/lib/dir-writer.js:35:25
72 verbose fstream_stack /usr/local/lib/node_modules/npm/node_modules/mkdirp/index.js:47:53
72 verbose fstream_stack FSReqWrap.oncomplete (fs.js:82:15)
73 verbose cwd /Users/nagars/Personal/guessword
74 error Darwin 15.6.0
75 error argv "/usr/local/bin/node" "/usr/local/bin/npm" "install" "--global" "gulp"
76 error node v4.4.7
77 error npm  v2.15.8
78 error path /usr/local/lib/node_modules/gulp
79 error code EACCES
80 error errno -13
81 error syscall mkdir
82 error Error: EACCES: permission denied, mkdir '/usr/local/lib/node_modules/gulp'
82 error     at Error (native)
82 error  { [Error: EACCES: permission denied, mkdir '/usr/local/lib/node_modules/gulp']
82 error   errno: -13,
82 error   code: 'EACCES',
82 error   syscall: 'mkdir',
82 error   path: '/usr/local/lib/node_modules/gulp',
82 error   fstream_type: 'Directory',
82 error   fstream_path: '/usr/local/lib/node_modules/gulp',
82 error   fstream_class: 'DirWriter',
82 error   fstream_stack:
82 error    [ '/usr/local/lib/node_modules/npm/node_modules/fstream/lib/dir-writer.js:35:25',
82 error      '/usr/local/lib/node_modules/npm/node_modules/mkdirp/index.js:47:53',
82 error      'FSReqWrap.oncomplete (fs.js:82:15)' ] }
83 error Please try running this command again as root/Administrator.
84 verbose exit [ -13, true ]
85 verbose unbuild lib/node_modules/gulp
86 silly gentlyRm /usr/local/lib/node_modules/gulp is being purged from base /usr/local
87 verbose gentlyRm don't care about contents; nuking /usr/local/lib/node_modules/gulp
